<?xml version="1.0" encoding="UTF-8"?>
<!-- Generated by org.testng.reporters.JUnitXMLReporter -->
<testsuite ignored="0" hostname="DESKTOP-3DF9MPT" failures="0" tests="3" name="Test" time="211.609" errors="0" timestamp="2024-03-11T13:48:47 IST">
  <testcase classname="test.logintest" name="verifylogin" time="14.534"/>
  <testcase classname="test.basecamptest" name="verifyCampRegistration" time="21.629"/>
  <testcase classname="test.watchdemotest" name="fillForm" time="11.544"/>
</testsuite> <!-- Test -->
