<?xml version="1.0" encoding="UTF-8"?>
<testng-results ignored="0" total="3" passed="3" failed="0" skipped="0">
  <reporter-output>
  </reporter-output>
  <suite started-at="2024-03-11T13:45:16 IST" name="Suite" finished-at="2024-03-11T13:48:47 IST" duration-ms="211609">
    <groups>
    </groups>
    <test started-at="2024-03-11T13:45:16 IST" name="Test" finished-at="2024-03-11T13:48:47 IST" duration-ms="211609">
      <class name="test.basecamptest">
        <test-method is-config="true" signature="OpenBrowser()[pri:0, instance:test.basecamptest@32eff876]" started-at="2024-03-11T13:46:21 IST" name="OpenBrowser" finished-at="2024-03-11T13:47:15 IST" duration-ms="53630" status="PASS">
          <reporter-output>
          </reporter-output>
        </test-method> <!-- OpenBrowser -->
        <test-method signature="verifyCampRegistration()[pri:0, instance:test.basecamptest@32eff876]" started-at="2024-03-11T13:47:15 IST" name="verifyCampRegistration" finished-at="2024-03-11T13:47:37 IST" duration-ms="21629" status="PASS">
          <reporter-output>
          </reporter-output>
        </test-method> <!-- verifyCampRegistration -->
        <test-method is-config="true" signature="Browserclose()[pri:0, instance:test.basecamptest@32eff876]" started-at="2024-03-11T13:47:37 IST" name="Browserclose" finished-at="2024-03-11T13:47:37 IST" duration-ms="144" status="PASS">
          <reporter-output>
          </reporter-output>
        </test-method> <!-- Browserclose -->
      </class> <!-- test.basecamptest -->
      <class name="test.logintest">
        <test-method is-config="true" signature="OpenBrowser()[pri:0, instance:test.logintest@52e6fdee]" started-at="2024-03-11T13:45:16 IST" name="OpenBrowser" finished-at="2024-03-11T13:46:07 IST" duration-ms="50994" status="PASS">
          <reporter-output>
          </reporter-output>
        </test-method> <!-- OpenBrowser -->
        <test-method signature="verifylogin()[pri:0, instance:test.logintest@52e6fdee]" started-at="2024-03-11T13:46:07 IST" name="verifylogin" finished-at="2024-03-11T13:46:21 IST" duration-ms="14534" status="PASS">
          <reporter-output>
          </reporter-output>
        </test-method> <!-- verifylogin -->
        <test-method is-config="true" signature="Browserclose()[pri:0, instance:test.logintest@52e6fdee]" started-at="2024-03-11T13:46:21 IST" name="Browserclose" finished-at="2024-03-11T13:46:21 IST" duration-ms="205" status="PASS">
          <reporter-output>
          </reporter-output>
        </test-method> <!-- Browserclose -->
      </class> <!-- test.logintest -->
      <class name="test.watchdemotest">
        <test-method is-config="true" signature="OpenBrowser()[pri:0, instance:test.watchdemotest@8dbdac1]" started-at="2024-03-11T13:47:37 IST" name="OpenBrowser" finished-at="2024-03-11T13:48:36 IST" duration-ms="58712" status="PASS">
          <reporter-output>
          </reporter-output>
        </test-method> <!-- OpenBrowser -->
        <test-method signature="fillForm()[pri:0, instance:test.watchdemotest@8dbdac1]" started-at="2024-03-11T13:48:36 IST" name="fillForm" finished-at="2024-03-11T13:48:47 IST" duration-ms="11544" status="PASS">
          <reporter-output>
          </reporter-output>
        </test-method> <!-- fillForm -->
        <test-method is-config="true" signature="Browserclose()[pri:0, instance:test.watchdemotest@8dbdac1]" started-at="2024-03-11T13:48:47 IST" name="Browserclose" finished-at="2024-03-11T13:48:47 IST" duration-ms="173" status="PASS">
          <reporter-output>
          </reporter-output>
        </test-method> <!-- Browserclose -->
      </class> <!-- test.watchdemotest -->
    </test> <!-- Test -->
  </suite> <!-- Suite -->
</testng-results>
